Godot Engine v3.2.3.stable.official - https://godotengine.org
OpenGL ES 3.0 Renderer: GeForce MX130/PCIe/SSE2
 
**ERROR**: Class 'EditorSettings' can only be instantiated by editor.
   At: core/class_db.cpp:544:instance() - Class 'EditorSettings' can only be instantiated by editor.
**ERROR**: C:\Users/oskar/AppData/Roaming/Godot/editor_settings-3.tres:3 - Parse Error: Can't create sub resource of type: EditorSettings
   At: scene/resources/resource_format_text.cpp:565:poll() - C:\Users/oskar/AppData/Roaming/Godot/editor_settings-3.tres:3 - Parse Error: Can't create sub resource of type: EditorSettings
**ERROR**: Failed to load resource 'C:\Users/oskar/AppData/Roaming/Godot/editor_settings-3.tres'.
   At: core/io/resource_loader.cpp:208:load() - Condition "err != OK" is true. Returned: RES()
**ERROR**: Failed loading resource: C:\Users/oskar/AppData/Roaming/Godot/editor_settings-3.tres. Make sure resources have been imported by opening the project in the editor at least once.
   At: core/io/resource_loader.cpp:278:_load() - Condition "found" is true. Returned: RES()
**WARNING**: Could not open config file.
   At: editor/editor_settings.cpp:938:create() - Could not open config file.
reimport: begin: (Ponowne) importowanie zasobów steps: 95
	reimport: step 0: page_white_paint.png
	reimport: step 1: page_white_office.png
	reimport: step 2: page_white_medal.png
	reimport: step 3: page_white_magnify.png
	reimport: step 4: page_white_link.png
	reimport: step 5: page_white_lightning.png
	reimport: step 6: page_white_key.png
	reimport: step 7: page_white_horizontal.png
	reimport: step 8: page_white_h.png
	reimport: step 9: page_white_go.png
	reimport: step 10: page_white_get.png
	reimport: step 11: page_white_gear.png
	reimport: step 12: page_white_freehand.png
	reimport: step 13: page_white_flash.png
	reimport: step 14: page_white_find.png
	reimport: step 15: page_white_excel.png
	reimport: step 16: page_white_error.png
	reimport: step 17: page_white_edit.png
	reimport: step 18: page_white_dvd.png
	reimport: step 19: page_white_delete.png
	reimport: step 20: page_white_database.png
	reimport: step 21: page_white_cup.png
	reimport: step 22: page_white_csharp.png
	reimport: step 23: sort-arrow-sprite.png
	reimport: step 24: browserify.png
	reimport: step 25: page_world.png
	reimport: step 26: page_word.png
	reimport: step 27: page_white_zip.png
	reimport: step 28: page_white_wrench.png
	reimport: step 29: page_white_world.png
	reimport: step 30: page_white_word.png
	reimport: step 31: page_white_width.png
	reimport: step 32: page_white_visualstudio.png
	reimport: step 33: page_white_vector.png
	reimport: step 34: page_white_tux.png
	reimport: step 35: page_white_text_width.png
	reimport: step 36: page_white_text.png
	reimport: step 37: page_white_swoosh.png
	reimport: step 38: page_white_star.png
	reimport: step 39: page_white_stack.png
	reimport: step 40: page_white_ruby.png
	reimport: step 41: page_white_put.png
	reimport: step 42: page_white_powerpoint.png
	reimport: step 43: page_white_picture.png
	reimport: step 44: page_white_php.png
	reimport: step 45: page_white_paste.png
	reimport: step 46: page_white_paintbrush.png
	reimport: step 47: page_find.png
	reimport: step 48: page_excel.png
	reimport: step 49: page_error.png
	reimport: step 50: page_edit.png
	reimport: step 51: page_delete.png
	reimport: step 52: page_copy.png
	reimport: step 53: page_code.png
	reimport: step 54: page_attach.png
	reimport: step 55: page_add.png
	reimport: step 56: page.png
	reimport: step 57: map.png
	reimport: step 58: image.png
	reimport: step 59: font.png
	reimport: step 60: folder.png
	reimport: step 61: film.png
	reimport: step 62: drive.png
	reimport: step 63: controller.png
	reimport: step 64: cd.png
	reimport: step 65: box.png
	reimport: step 66: application_xp_terminal.png
	reimport: step 67: application_xp.png
	reimport: step 68: usage.png
	reimport: step 69: display.png
	reimport: step 70: bullets-1.png
	reimport: step 71: page_white_cplusplus.png
	reimport: step 72: page_white_copy.png
	reimport: step 73: page_white_compressed.png
	reimport: step 74: page_white_coldfusion.png
	reimport: step 75: page_white_code_red.png
	reimport: step 76: page_white_code.png
	reimport: step 77: page_white_cd.png
	reimport: step 78: page_white_camera.png
	reimport: step 79: page_white_c.png
	reimport: step 80: page_white_add.png
	reimport: step 81: page_white_actionscript.png
	reimport: step 82: page_white_acrobat.png
	reimport: step 83: page_white.png
	reimport: step 84: page_save.png
	reimport: step 85: page_refresh.png
	reimport: step 86: page_red.png
	reimport: step 87: page_paste.png
	reimport: step 88: page_paintbrush.png
	reimport: step 89: page_link.png
	reimport: step 90: page_lightning.png
	reimport: step 91: page_key.png
	reimport: step 92: page_green.png
	reimport: step 93: page_go.png
	reimport: step 94: page_gear.png
**ERROR**: Invalid export preset name: HTML. Make sure `export_presets.cfg` is present in the current directory.
   At: editor/editor_node.cpp:753:_fs_changed() - Invalid export preset name: HTML. Make sure `export_presets.cfg` is present in the current directory.
reimport: end
